This file contains any messages produced by compilers while
running configure, to aid debugging if configure makes a mistake.

It was created by freedroid configure 1.0.2, which was
generated by GNU Autoconf 2.69.  Invocation command line was

  $ ./configure ARCH=mips --host=mips

## --------- ##
## Platform. ##
## --------- ##

hostname = a269e55d8713
uname -m = x86_64
uname -r = 5.3.0-18-generic
uname -s = Linux
uname -v = #19-Ubuntu SMP Tue Oct 8 20:14:06 UTC 2019

/usr/bin/uname -p = unknown
/bin/uname -X     = unknown

/bin/arch              = unknown
/usr/bin/arch -k       = unknown
/usr/convex/getsysinfo = unknown
/usr/bin/hostinfo      = unknown
/bin/machine           = unknown
/usr/bin/oslevel       = unknown
/bin/universe          = unknown

PATH: /opt/gcw0-toolchain/usr/bin
PATH: /usr/local/sbin
PATH: /usr/local/bin
PATH: /usr/sbin
PATH: /usr/bin
PATH: /sbin
PATH: /bin
PATH: /opt/gcw0-toolchain/usr/mipsel-gcw0-linux-uclibc/sysroot/usr/bin


## ----------- ##
## Core tests. ##
## ----------- ##

configure:2251: checking build system type
configure:2265: result: x86_64-unknown-linux-gnu
configure:2285: checking host system type
configure:2298: result: mips-unknown-elf
configure:2318: checking target system type
configure:2331: result: mips-unknown-elf
configure:2373: checking for a BSD-compatible install
configure:2441: result: /usr/bin/install -c
configure:2452: checking whether build environment is sane
configure:2489: result: yes
configure:2519: checking for gawk
configure:2535: found /opt/gcw0-toolchain/usr/bin/gawk
configure:2546: result: gawk
configure:2557: checking whether make sets $(MAKE)
configure:2579: result: yes
configure:2637: checking for mips-strip
configure:2667: result: no
configure:2677: checking for strip
configure:2693: found /usr/bin/strip
configure:2704: result: strip
configure:2752: checking for mips-gcc
configure:2779: result: mipsel-linux-gcc
configure:3048: checking for C compiler version
configure:3057: mipsel-linux-gcc --version >&5
mipsel-linux-gcc (Buildroot 2014.05-gbb847d4) 4.9.1
Copyright (C) 2014 Free Software Foundation, Inc.
This is free software; see the source for copying conditions.  There is NO
warranty; not even for MERCHANTABILITY or FITNESS FOR A PARTICULAR PURPOSE.

configure:3068: $? = 0
configure:3057: mipsel-linux-gcc -v >&5
Using built-in specs.
COLLECT_GCC=mipsel-linux-gcc
COLLECT_LTO_WRAPPER=/opt/gcw0-toolchain/usr/libexec/gcc/mipsel-gcw0-linux-uclibc/4.9.1/lto-wrapper
Target: mipsel-gcw0-linux-uclibc
Configured with: ./configure --prefix=/opt/gcw0-toolchain/usr --sysconfdir=/opt/gcw0-toolchain/etc --enable-shared --enable-static --target=mipsel-gcw0-linux-uclibc --with-sysroot=/opt/gcw0-toolchain/usr/mipsel-gcw0-linux-uclibc/sysroot --disable-__cxa_atexit --with-gnu-ld --disable-libssp --disable-multilib --with-gmp=/opt/gcw0-toolchain/usr --with-mpfr=/opt/gcw0-toolchain/usr --enable-target-optspace --disable-libsanitizer --enable-tls --disable-libmudflap --enable-threads --with-mpc=/opt/gcw0-toolchain/usr --disable-decimal-float --with-arch=mips32r2 --with-tune=mips32r2 --with-abi=32 --with-pkgversion='Buildroot 2014.05-gbb847d4' --with-bugurl=http://bugs.buildroot.net/ --enable-languages=c,c++ --with-build-time-tools=/opt/gcw0-toolchain/usr/mipsel-gcw0-linux-uclibc/bin --disable-libgomp --enable-lto
Thread model: posix
gcc version 4.9.1 (Buildroot 2014.05-gbb847d4) 
configure:3068: $? = 0
configure:3057: mipsel-linux-gcc -V >&5
mipsel-linux-gcc: error: unrecognized command line option '-V'
mipsel-linux-gcc: fatal error: no input files
compilation terminated.
configure:3068: $? = 1
configure:3057: mipsel-linux-gcc -qversion >&5
mipsel-linux-gcc: error: unrecognized command line option '-qversion'
mipsel-linux-gcc: fatal error: no input files
compilation terminated.
configure:3068: $? = 1
configure:3088: checking whether the C compiler works
configure:3110: mipsel-linux-gcc    conftest.c  >&5
configure:3114: $? = 0
configure:3162: result: yes
configure:3165: checking for C compiler default output file name
configure:3167: result: a.out
configure:3173: checking for suffix of executables
configure:3180: mipsel-linux-gcc -o conftest    conftest.c  >&5
configure:3184: $? = 0
configure:3206: result: 
configure:3228: checking whether we are cross compiling
configure:3236: mipsel-linux-gcc -o conftest    conftest.c  >&5
configure:3240: $? = 0
configure:3247: ./conftest
./configure: line 3249: ./conftest: cannot execute binary file: Exec format error
configure:3251: $? = 126
configure:3266: result: yes
configure:3271: checking for suffix of object files
configure:3293: mipsel-linux-gcc -c   conftest.c >&5
configure:3297: $? = 0
configure:3318: result: o
configure:3322: checking whether we are using the GNU C compiler
configure:3341: mipsel-linux-gcc -c   conftest.c >&5
configure:3341: $? = 0
configure:3350: result: yes
configure:3359: checking whether mipsel-linux-gcc accepts -g
configure:3379: mipsel-linux-gcc -c -g  conftest.c >&5
configure:3379: $? = 0
configure:3420: result: yes
configure:3437: checking for mipsel-linux-gcc option to accept ISO C89
configure:3500: mipsel-linux-gcc  -c -g -O2  conftest.c >&5
configure:3500: $? = 0
configure:3513: result: none needed
configure:3552: checking for style of include used by make
configure:3580: result: GNU
configure:3608: checking dependency style of mipsel-linux-gcc
configure:3670: result: gcc3
configure:3675: checking whether make sets $(MAKE)
configure:3697: result: yes
configure:3709: checking for sin in -lm
configure:3734: mipsel-linux-gcc -o conftest -g -O2   conftest.c -lm   >&5
conftest.c:18:6: warning: conflicting types for built-in function 'sin'
 char sin ();
      ^
configure:3734: $? = 0
configure:3743: result: yes
configure:3765: checking how to run the C preprocessor
configure:3796: mipsel-linux-gcc -E  conftest.c
configure:3796: $? = 0
configure:3810: mipsel-linux-gcc -E  conftest.c
conftest.c:12:28: fatal error: ac_nonexistent.h: No such file or directory
 #include <ac_nonexistent.h>
                            ^
compilation terminated.
configure:3810: $? = 1
configure: failed program was:
| /* confdefs.h */
| #define PACKAGE_NAME "freedroid"
| #define PACKAGE_TARNAME "freedroid"
| #define PACKAGE_VERSION "1.0.2"
| #define PACKAGE_STRING "freedroid 1.0.2"
| #define PACKAGE_BUGREPORT ""
| #define PACKAGE_URL ""
| #define PACKAGE "freedroid"
| #define VERSION "1.0.2"
| #define HAVE_LIBM 1
| /* end confdefs.h.  */
| #include <ac_nonexistent.h>
configure:3835: result: mipsel-linux-gcc -E
configure:3855: mipsel-linux-gcc -E  conftest.c
configure:3855: $? = 0
configure:3869: mipsel-linux-gcc -E  conftest.c
conftest.c:12:28: fatal error: ac_nonexistent.h: No such file or directory
 #include <ac_nonexistent.h>
                            ^
compilation terminated.
configure:3869: $? = 1
configure: failed program was:
| /* confdefs.h */
| #define PACKAGE_NAME "freedroid"
| #define PACKAGE_TARNAME "freedroid"
| #define PACKAGE_VERSION "1.0.2"
| #define PACKAGE_STRING "freedroid 1.0.2"
| #define PACKAGE_BUGREPORT ""
| #define PACKAGE_URL ""
| #define PACKAGE "freedroid"
| #define VERSION "1.0.2"
| #define HAVE_LIBM 1
| /* end confdefs.h.  */
| #include <ac_nonexistent.h>
configure:3898: checking for X
configure:4006: mipsel-linux-gcc -E  conftest.c
conftest.c:12:22: fatal error: X11/Xlib.h: No such file or directory
 #include <X11/Xlib.h>
                      ^
compilation terminated.
configure:4006: $? = 1
configure: failed program was:
| /* confdefs.h */
| #define PACKAGE_NAME "freedroid"
| #define PACKAGE_TARNAME "freedroid"
| #define PACKAGE_VERSION "1.0.2"
| #define PACKAGE_STRING "freedroid 1.0.2"
| #define PACKAGE_BUGREPORT ""
| #define PACKAGE_URL ""
| #define PACKAGE "freedroid"
| #define VERSION "1.0.2"
| #define HAVE_LIBM 1
| /* end confdefs.h.  */
| #include <X11/Xlib.h>
configure:4037: mipsel-linux-gcc -o conftest -g -O2   conftest.c -lX11 -lm  >&5
conftest.c:12:22: fatal error: X11/Xlib.h: No such file or directory
 #include <X11/Xlib.h>
                      ^
compilation terminated.
configure:4037: $? = 1
configure: failed program was:
| /* confdefs.h */
| #define PACKAGE_NAME "freedroid"
| #define PACKAGE_TARNAME "freedroid"
| #define PACKAGE_VERSION "1.0.2"
| #define PACKAGE_STRING "freedroid 1.0.2"
| #define PACKAGE_BUGREPORT ""
| #define PACKAGE_URL ""
| #define PACKAGE "freedroid"
| #define VERSION "1.0.2"
| #define HAVE_LIBM 1
| /* end confdefs.h.  */
| #include <X11/Xlib.h>
| int
| main ()
| {
| XrmInitialize ()
|   ;
|   return 0;
| }
configure:4076: result: no
configure:4586: Checking for compulsory SDL libraries:
configure:4629: checking for sdl-config
configure:4647: found /opt/gcw0-toolchain/usr/mipsel-gcw0-linux-uclibc/sysroot/usr/bin/sdl-config
configure:4660: result: /opt/gcw0-toolchain/usr/mipsel-gcw0-linux-uclibc/sysroot/usr/bin/sdl-config
configure:4669: checking for SDL - version >= 1.2.3
configure:4768: result: yes
configure:4839: checking for SDL_Init in -lSDL
configure:4864: mipsel-linux-gcc -o conftest -g -O2 -I/opt/gcw0-toolchain/usr/mipsel-gcw0-linux-uclibc/sysroot/usr/include/SDL -D_GNU_SOURCE=1 -D_REENTRANT   conftest.c -lSDL  -lm  -L/opt/gcw0-toolchain/usr/mipsel-gcw0-linux-uclibc/sysroot/usr/lib -lSDL -lpthread >&5
configure:4864: $? = 0
configure:4873: result: yes
configure:4891: checking for jpeg_start_compress in -ljpeg
configure:4916: mipsel-linux-gcc -o conftest -g -O2 -I/opt/gcw0-toolchain/usr/mipsel-gcw0-linux-uclibc/sysroot/usr/include/SDL -D_GNU_SOURCE=1 -D_REENTRANT   conftest.c -ljpeg  -lSDL -lm  -L/opt/gcw0-toolchain/usr/mipsel-gcw0-linux-uclibc/sysroot/usr/lib -lSDL -lpthread >&5
configure:4916: $? = 0
configure:4925: result: yes
configure:4943: checking for compress in -lz
configure:4968: mipsel-linux-gcc -o conftest -g -O2 -I/opt/gcw0-toolchain/usr/mipsel-gcw0-linux-uclibc/sysroot/usr/include/SDL -D_GNU_SOURCE=1 -D_REENTRANT   conftest.c -lz  -ljpeg -lSDL -lm  -L/opt/gcw0-toolchain/usr/mipsel-gcw0-linux-uclibc/sysroot/usr/lib -lSDL -lpthread >&5
configure:4968: $? = 0
configure:4977: result: yes
configure:4996: checking for png_read_png in -lpng
configure:5021: mipsel-linux-gcc -o conftest -g -O2 -I/opt/gcw0-toolchain/usr/mipsel-gcw0-linux-uclibc/sysroot/usr/include/SDL -D_GNU_SOURCE=1 -D_REENTRANT   conftest.c -lpng  -lz -ljpeg -lSDL -lm  -L/opt/gcw0-toolchain/usr/mipsel-gcw0-linux-uclibc/sysroot/usr/lib -lSDL -lpthread >&5
configure:5021: $? = 0
configure:5030: result: yes
configure:5048: checking for IMG_LoadJPG_RW in -lSDL_image
configure:5073: mipsel-linux-gcc -o conftest -g -O2 -I/opt/gcw0-toolchain/usr/mipsel-gcw0-linux-uclibc/sysroot/usr/include/SDL -D_GNU_SOURCE=1 -D_REENTRANT   conftest.c -lSDL_image  -lpng -lz -ljpeg -lSDL -lm  -L/opt/gcw0-toolchain/usr/mipsel-gcw0-linux-uclibc/sysroot/usr/lib -lSDL -lpthread >&5
configure:5073: $? = 0
configure:5082: result: yes
configure:5100: Checking for optional SDL libraries:
configure:5102: checking for Mix_OpenAudio in -lSDL_mixer
configure:5127: mipsel-linux-gcc -o conftest -g -O2 -I/opt/gcw0-toolchain/usr/mipsel-gcw0-linux-uclibc/sysroot/usr/include/SDL -D_GNU_SOURCE=1 -D_REENTRANT   conftest.c -lSDL_mixer  -lSDL_image -lpng -lz -ljpeg -lSDL -lm  -L/opt/gcw0-toolchain/usr/mipsel-gcw0-linux-uclibc/sysroot/usr/lib -lSDL -lpthread >&5
configure:5127: $? = 0
configure:5136: result: yes
configure:5163: checking for vorbis_block_init in -lvorbis
configure:5188: mipsel-linux-gcc -o conftest -g -O2 -I/opt/gcw0-toolchain/usr/mipsel-gcw0-linux-uclibc/sysroot/usr/include/SDL -D_GNU_SOURCE=1 -D_REENTRANT   conftest.c -lvorbis  -lSDL_mixer -lSDL_image -lpng -lz -ljpeg -lSDL -lm  -L/opt/gcw0-toolchain/usr/mipsel-gcw0-linux-uclibc/sysroot/usr/lib -lSDL -lpthread >&5
configure:5188: $? = 0
configure:5197: result: yes
configure:5224: checking for grep that handles long lines and -e
configure:5282: result: /bin/grep
configure:5287: checking for egrep
configure:5349: result: /bin/grep -E
configure:5354: checking for ANSI C header files
configure:5374: mipsel-linux-gcc -c -g -O2 -I/opt/gcw0-toolchain/usr/mipsel-gcw0-linux-uclibc/sysroot/usr/include/SDL -D_GNU_SOURCE=1 -D_REENTRANT  conftest.c >&5
configure:5374: $? = 0
configure:5458: result: yes
configure:5471: checking for sys/types.h
configure:5471: mipsel-linux-gcc -c -g -O2 -I/opt/gcw0-toolchain/usr/mipsel-gcw0-linux-uclibc/sysroot/usr/include/SDL -D_GNU_SOURCE=1 -D_REENTRANT  conftest.c >&5
configure:5471: $? = 0
configure:5471: result: yes
configure:5471: checking for sys/stat.h
configure:5471: mipsel-linux-gcc -c -g -O2 -I/opt/gcw0-toolchain/usr/mipsel-gcw0-linux-uclibc/sysroot/usr/include/SDL -D_GNU_SOURCE=1 -D_REENTRANT  conftest.c >&5
configure:5471: $? = 0
configure:5471: result: yes
configure:5471: checking for stdlib.h
configure:5471: mipsel-linux-gcc -c -g -O2 -I/opt/gcw0-toolchain/usr/mipsel-gcw0-linux-uclibc/sysroot/usr/include/SDL -D_GNU_SOURCE=1 -D_REENTRANT  conftest.c >&5
configure:5471: $? = 0
configure:5471: result: yes
configure:5471: checking for string.h
configure:5471: mipsel-linux-gcc -c -g -O2 -I/opt/gcw0-toolchain/usr/mipsel-gcw0-linux-uclibc/sysroot/usr/include/SDL -D_GNU_SOURCE=1 -D_REENTRANT  conftest.c >&5
configure:5471: $? = 0
configure:5471: result: yes
configure:5471: checking for memory.h
configure:5471: mipsel-linux-gcc -c -g -O2 -I/opt/gcw0-toolchain/usr/mipsel-gcw0-linux-uclibc/sysroot/usr/include/SDL -D_GNU_SOURCE=1 -D_REENTRANT  conftest.c >&5
configure:5471: $? = 0
configure:5471: result: yes
configure:5471: checking for strings.h
configure:5471: mipsel-linux-gcc -c -g -O2 -I/opt/gcw0-toolchain/usr/mipsel-gcw0-linux-uclibc/sysroot/usr/include/SDL -D_GNU_SOURCE=1 -D_REENTRANT  conftest.c >&5
configure:5471: $? = 0
configure:5471: result: yes
configure:5471: checking for inttypes.h
configure:5471: mipsel-linux-gcc -c -g -O2 -I/opt/gcw0-toolchain/usr/mipsel-gcw0-linux-uclibc/sysroot/usr/include/SDL -D_GNU_SOURCE=1 -D_REENTRANT  conftest.c >&5
configure:5471: $? = 0
configure:5471: result: yes
configure:5471: checking for stdint.h
configure:5471: mipsel-linux-gcc -c -g -O2 -I/opt/gcw0-toolchain/usr/mipsel-gcw0-linux-uclibc/sysroot/usr/include/SDL -D_GNU_SOURCE=1 -D_REENTRANT  conftest.c >&5
configure:5471: $? = 0
configure:5471: result: yes
configure:5471: checking for unistd.h
configure:5471: mipsel-linux-gcc -c -g -O2 -I/opt/gcw0-toolchain/usr/mipsel-gcw0-linux-uclibc/sysroot/usr/include/SDL -D_GNU_SOURCE=1 -D_REENTRANT  conftest.c >&5
configure:5471: $? = 0
configure:5471: result: yes
configure:5487: checking fcntl.h usability
configure:5487: mipsel-linux-gcc -c -g -O2 -I/opt/gcw0-toolchain/usr/mipsel-gcw0-linux-uclibc/sysroot/usr/include/SDL -D_GNU_SOURCE=1 -D_REENTRANT  conftest.c >&5
configure:5487: $? = 0
configure:5487: result: yes
configure:5487: checking fcntl.h presence
configure:5487: mipsel-linux-gcc -E  conftest.c
configure:5487: $? = 0
configure:5487: result: yes
configure:5487: checking for fcntl.h
configure:5487: result: yes
configure:5487: checking for stdlib.h
configure:5487: result: yes
configure:5487: checking for string.h
configure:5487: result: yes
configure:5487: checking sys/ioctl.h usability
configure:5487: mipsel-linux-gcc -c -g -O2 -I/opt/gcw0-toolchain/usr/mipsel-gcw0-linux-uclibc/sysroot/usr/include/SDL -D_GNU_SOURCE=1 -D_REENTRANT  conftest.c >&5
configure:5487: $? = 0
configure:5487: result: yes
configure:5487: checking sys/ioctl.h presence
configure:5487: mipsel-linux-gcc -E  conftest.c
configure:5487: $? = 0
configure:5487: result: yes
configure:5487: checking for sys/ioctl.h
configure:5487: result: yes
configure:5487: checking sys/time.h usability
configure:5487: mipsel-linux-gcc -c -g -O2 -I/opt/gcw0-toolchain/usr/mipsel-gcw0-linux-uclibc/sysroot/usr/include/SDL -D_GNU_SOURCE=1 -D_REENTRANT  conftest.c >&5
configure:5487: $? = 0
configure:5487: result: yes
configure:5487: checking sys/time.h presence
configure:5487: mipsel-linux-gcc -E  conftest.c
configure:5487: $? = 0
configure:5487: result: yes
configure:5487: checking for sys/time.h
configure:5487: result: yes
configure:5487: checking time.h usability
configure:5487: mipsel-linux-gcc -c -g -O2 -I/opt/gcw0-toolchain/usr/mipsel-gcw0-linux-uclibc/sysroot/usr/include/SDL -D_GNU_SOURCE=1 -D_REENTRANT  conftest.c >&5
configure:5487: $? = 0
configure:5487: result: yes
configure:5487: checking time.h presence
configure:5487: mipsel-linux-gcc -E  conftest.c
configure:5487: $? = 0
configure:5487: result: yes
configure:5487: checking for time.h
configure:5487: result: yes
configure:5487: checking for unistd.h
configure:5487: result: yes
configure:5487: checking dirent.h usability
configure:5487: mipsel-linux-gcc -c -g -O2 -I/opt/gcw0-toolchain/usr/mipsel-gcw0-linux-uclibc/sysroot/usr/include/SDL -D_GNU_SOURCE=1 -D_REENTRANT  conftest.c >&5
configure:5487: $? = 0
configure:5487: result: yes
configure:5487: checking dirent.h presence
configure:5487: mipsel-linux-gcc -E  conftest.c
configure:5487: $? = 0
configure:5487: result: yes
configure:5487: checking for dirent.h
configure:5487: result: yes
configure:5487: checking sys/soundcard.h usability
configure:5487: mipsel-linux-gcc -c -g -O2 -I/opt/gcw0-toolchain/usr/mipsel-gcw0-linux-uclibc/sysroot/usr/include/SDL -D_GNU_SOURCE=1 -D_REENTRANT  conftest.c >&5
configure:5487: $? = 0
configure:5487: result: yes
configure:5487: checking sys/soundcard.h presence
configure:5487: mipsel-linux-gcc -E  conftest.c
configure:5487: $? = 0
configure:5487: result: yes
configure:5487: checking for sys/soundcard.h
configure:5487: result: yes
configure:5499: checking for an ANSI C-conforming const
configure:5565: mipsel-linux-gcc -c -g -O2 -I/opt/gcw0-toolchain/usr/mipsel-gcw0-linux-uclibc/sysroot/usr/include/SDL -D_GNU_SOURCE=1 -D_REENTRANT  conftest.c >&5
configure:5565: $? = 0
configure:5572: result: yes
configure:5580: checking for size_t
configure:5580: mipsel-linux-gcc -c -g -O2 -I/opt/gcw0-toolchain/usr/mipsel-gcw0-linux-uclibc/sysroot/usr/include/SDL -D_GNU_SOURCE=1 -D_REENTRANT  conftest.c >&5
configure:5580: $? = 0
configure:5580: mipsel-linux-gcc -c -g -O2 -I/opt/gcw0-toolchain/usr/mipsel-gcw0-linux-uclibc/sysroot/usr/include/SDL -D_GNU_SOURCE=1 -D_REENTRANT  conftest.c >&5
conftest.c: In function 'main':
conftest.c:75:21: error: expected expression before ')' token
 if (sizeof ((size_t)))
                     ^
configure:5580: $? = 1
configure: failed program was:
| /* confdefs.h */
| #define PACKAGE_NAME "freedroid"
| #define PACKAGE_TARNAME "freedroid"
| #define PACKAGE_VERSION "1.0.2"
| #define PACKAGE_STRING "freedroid 1.0.2"
| #define PACKAGE_BUGREPORT ""
| #define PACKAGE_URL ""
| #define PACKAGE "freedroid"
| #define VERSION "1.0.2"
| #define HAVE_LIBM 1
| #define X_DISPLAY_MISSING 1
| #define HAVE_LIBSDL 1
| #define HAVE_LIBJPEG 1
| #define HAVE_LIBZ 1
| #define HAVE_LIBPNG 1
| #define HAVE_LIBSDL_IMAGE 1
| #define HAVE_LIBSDL_MIXER 1
| #define HAVE_LIBVORBIS 1
| #define STDC_HEADERS 1
| #define HAVE_SYS_TYPES_H 1
| #define HAVE_SYS_STAT_H 1
| #define HAVE_STDLIB_H 1
| #define HAVE_STRING_H 1
| #define HAVE_MEMORY_H 1
| #define HAVE_STRINGS_H 1
| #define HAVE_INTTYPES_H 1
| #define HAVE_STDINT_H 1
| #define HAVE_UNISTD_H 1
| #define HAVE_FCNTL_H 1
| #define HAVE_STDLIB_H 1
| #define HAVE_STRING_H 1
| #define HAVE_SYS_IOCTL_H 1
| #define HAVE_SYS_TIME_H 1
| #define HAVE_TIME_H 1
| #define HAVE_UNISTD_H 1
| #define HAVE_DIRENT_H 1
| #define HAVE_SYS_SOUNDCARD_H 1
| /* end confdefs.h.  */
| #include <stdio.h>
| #ifdef HAVE_SYS_TYPES_H
| # include <sys/types.h>
| #endif
| #ifdef HAVE_SYS_STAT_H
| # include <sys/stat.h>
| #endif
| #ifdef STDC_HEADERS
| # include <stdlib.h>
| # include <stddef.h>
| #else
| # ifdef HAVE_STDLIB_H
| #  include <stdlib.h>
| # endif
| #endif
| #ifdef HAVE_STRING_H
| # if !defined STDC_HEADERS && defined HAVE_MEMORY_H
| #  include <memory.h>
| # endif
| # include <string.h>
| #endif
| #ifdef HAVE_STRINGS_H
| # include <strings.h>
| #endif
| #ifdef HAVE_INTTYPES_H
| # include <inttypes.h>
| #endif
| #ifdef HAVE_STDINT_H
| # include <stdint.h>
| #endif
| #ifdef HAVE_UNISTD_H
| # include <unistd.h>
| #endif
| int
| main ()
| {
| if (sizeof ((size_t)))
| 	    return 0;
|   ;
|   return 0;
| }
configure:5580: result: yes
configure:5591: checking whether time.h and sys/time.h may both be included
configure:5611: mipsel-linux-gcc -c -g -O2 -I/opt/gcw0-toolchain/usr/mipsel-gcw0-linux-uclibc/sysroot/usr/include/SDL -D_GNU_SOURCE=1 -D_REENTRANT  conftest.c >&5
configure:5611: $? = 0
configure:5618: result: yes
configure:5628: checking return type of signal handlers
configure:5646: mipsel-linux-gcc -c -g -O2 -I/opt/gcw0-toolchain/usr/mipsel-gcw0-linux-uclibc/sysroot/usr/include/SDL -D_GNU_SOURCE=1 -D_REENTRANT  conftest.c >&5
conftest.c: In function 'main':
conftest.c:46:1: error: void value not ignored as it ought to be
 return *(signal (0, 0)) (0) == 1;
 ^
configure:5646: $? = 1
configure: failed program was:
| /* confdefs.h */
| #define PACKAGE_NAME "freedroid"
| #define PACKAGE_TARNAME "freedroid"
| #define PACKAGE_VERSION "1.0.2"
| #define PACKAGE_STRING "freedroid 1.0.2"
| #define PACKAGE_BUGREPORT ""
| #define PACKAGE_URL ""
| #define PACKAGE "freedroid"
| #define VERSION "1.0.2"
| #define HAVE_LIBM 1
| #define X_DISPLAY_MISSING 1
| #define HAVE_LIBSDL 1
| #define HAVE_LIBJPEG 1
| #define HAVE_LIBZ 1
| #define HAVE_LIBPNG 1
| #define HAVE_LIBSDL_IMAGE 1
| #define HAVE_LIBSDL_MIXER 1
| #define HAVE_LIBVORBIS 1
| #define STDC_HEADERS 1
| #define HAVE_SYS_TYPES_H 1
| #define HAVE_SYS_STAT_H 1
| #define HAVE_STDLIB_H 1
| #define HAVE_STRING_H 1
| #define HAVE_MEMORY_H 1
| #define HAVE_STRINGS_H 1
| #define HAVE_INTTYPES_H 1
| #define HAVE_STDINT_H 1
| #define HAVE_UNISTD_H 1
| #define HAVE_FCNTL_H 1
| #define HAVE_STDLIB_H 1
| #define HAVE_STRING_H 1
| #define HAVE_SYS_IOCTL_H 1
| #define HAVE_SYS_TIME_H 1
| #define HAVE_TIME_H 1
| #define HAVE_UNISTD_H 1
| #define HAVE_DIRENT_H 1
| #define HAVE_SYS_SOUNDCARD_H 1
| #define TIME_WITH_SYS_TIME 1
| /* end confdefs.h.  */
| #include <sys/types.h>
| #include <signal.h>
| 
| int
| main ()
| {
| return *(signal (0, 0)) (0) == 1;
|   ;
|   return 0;
| }
configure:5653: result: void
configure:5664: checking for memset
configure:5664: mipsel-linux-gcc -o conftest -g -O2 -I/opt/gcw0-toolchain/usr/mipsel-gcw0-linux-uclibc/sysroot/usr/include/SDL -D_GNU_SOURCE=1 -D_REENTRANT   conftest.c -lvorbis -lSDL_mixer -lSDL_image -lpng -lz -ljpeg -lSDL -lm  -L/opt/gcw0-toolchain/usr/mipsel-gcw0-linux-uclibc/sysroot/usr/lib -lSDL -lpthread >&5
conftest.c:64:6: warning: conflicting types for built-in function 'memset'
 char memset ();
      ^
configure:5664: $? = 0
configure:5664: result: yes
configure:5664: checking for sqrt
configure:5664: mipsel-linux-gcc -o conftest -g -O2 -I/opt/gcw0-toolchain/usr/mipsel-gcw0-linux-uclibc/sysroot/usr/include/SDL -D_GNU_SOURCE=1 -D_REENTRANT   conftest.c -lvorbis -lSDL_mixer -lSDL_image -lpng -lz -ljpeg -lSDL -lm  -L/opt/gcw0-toolchain/usr/mipsel-gcw0-linux-uclibc/sysroot/usr/lib -lSDL -lpthread >&5
conftest.c:65:6: warning: conflicting types for built-in function 'sqrt'
 char sqrt ();
      ^
configure:5664: $? = 0
configure:5664: result: yes
configure:5664: checking for strstr
configure:5664: mipsel-linux-gcc -o conftest -g -O2 -I/opt/gcw0-toolchain/usr/mipsel-gcw0-linux-uclibc/sysroot/usr/include/SDL -D_GNU_SOURCE=1 -D_REENTRANT   conftest.c -lvorbis -lSDL_mixer -lSDL_image -lpng -lz -ljpeg -lSDL -lm  -L/opt/gcw0-toolchain/usr/mipsel-gcw0-linux-uclibc/sysroot/usr/lib -lSDL -lpthread >&5
conftest.c:66:6: warning: conflicting types for built-in function 'strstr'
 char strstr ();
      ^
configure:5664: $? = 0
configure:5664: result: yes
configure:5664: checking for strtok
configure:5664: mipsel-linux-gcc -o conftest -g -O2 -I/opt/gcw0-toolchain/usr/mipsel-gcw0-linux-uclibc/sysroot/usr/include/SDL -D_GNU_SOURCE=1 -D_REENTRANT   conftest.c -lvorbis -lSDL_mixer -lSDL_image -lpng -lz -ljpeg -lSDL -lm  -L/opt/gcw0-toolchain/usr/mipsel-gcw0-linux-uclibc/sysroot/usr/lib -lSDL -lpthread >&5
configure:5664: $? = 0
configure:5664: result: yes
configure:5664: checking for strcspn
configure:5664: mipsel-linux-gcc -o conftest -g -O2 -I/opt/gcw0-toolchain/usr/mipsel-gcw0-linux-uclibc/sysroot/usr/include/SDL -D_GNU_SOURCE=1 -D_REENTRANT   conftest.c -lvorbis -lSDL_mixer -lSDL_image -lpng -lz -ljpeg -lSDL -lm  -L/opt/gcw0-toolchain/usr/mipsel-gcw0-linux-uclibc/sysroot/usr/lib -lSDL -lpthread >&5
conftest.c:68:6: warning: conflicting types for built-in function 'strcspn'
 char strcspn ();
      ^
configure:5664: $? = 0
configure:5664: result: yes
configure:5664: checking for strspn
configure:5664: mipsel-linux-gcc -o conftest -g -O2 -I/opt/gcw0-toolchain/usr/mipsel-gcw0-linux-uclibc/sysroot/usr/include/SDL -D_GNU_SOURCE=1 -D_REENTRANT   conftest.c -lvorbis -lSDL_mixer -lSDL_image -lpng -lz -ljpeg -lSDL -lm  -L/opt/gcw0-toolchain/usr/mipsel-gcw0-linux-uclibc/sysroot/usr/lib -lSDL -lpthread >&5
conftest.c:69:6: warning: conflicting types for built-in function 'strspn'
 char strspn ();
      ^
configure:5664: $? = 0
configure:5664: result: yes
configure:5664: checking for rand
configure:5664: mipsel-linux-gcc -o conftest -g -O2 -I/opt/gcw0-toolchain/usr/mipsel-gcw0-linux-uclibc/sysroot/usr/include/SDL -D_GNU_SOURCE=1 -D_REENTRANT   conftest.c -lvorbis -lSDL_mixer -lSDL_image -lpng -lz -ljpeg -lSDL -lm  -L/opt/gcw0-toolchain/usr/mipsel-gcw0-linux-uclibc/sysroot/usr/lib -lSDL -lpthread >&5
configure:5664: $? = 0
configure:5664: result: yes
configure:5825: creating ./config.status

## ---------------------- ##
## Running config.status. ##
## ---------------------- ##

This file was extended by freedroid config.status 1.0.2, which was
generated by GNU Autoconf 2.69.  Invocation command line was

  CONFIG_FILES    = 
  CONFIG_HEADERS  = 
  CONFIG_LINKS    = 
  CONFIG_COMMANDS = 
  $ ./config.status 

on a269e55d8713

config.status:885: creating Makefile
config.status:988: WARNING:  'Makefile.in' seems to ignore the --datarootdir setting
config.status:885: creating src/Makefile
config.status:988: WARNING:  'src/Makefile.in' seems to ignore the --datarootdir setting
config.status:885: creating config.h
config.status:1060: config.h is unchanged
config.status:1074: executing depfiles commands

## ---------------- ##
## Cache variables. ##
## ---------------- ##

ac_cv_build=x86_64-unknown-linux-gnu
ac_cv_c_compiler_gnu=yes
ac_cv_c_const=yes
ac_cv_env_CC_set=set
ac_cv_env_CC_value=mipsel-linux-gcc
ac_cv_env_CFLAGS_set=
ac_cv_env_CFLAGS_value=
ac_cv_env_CPPFLAGS_set=
ac_cv_env_CPPFLAGS_value=
ac_cv_env_CPP_set=
ac_cv_env_CPP_value=
ac_cv_env_LDFLAGS_set=
ac_cv_env_LDFLAGS_value=
ac_cv_env_LIBS_set=
ac_cv_env_LIBS_value=
ac_cv_env_XMKMF_set=
ac_cv_env_XMKMF_value=
ac_cv_env_build_alias_set=
ac_cv_env_build_alias_value=
ac_cv_env_host_alias_set=set
ac_cv_env_host_alias_value=mips
ac_cv_env_target_alias_set=
ac_cv_env_target_alias_value=
ac_cv_func_memset=yes
ac_cv_func_rand=yes
ac_cv_func_sqrt=yes
ac_cv_func_strcspn=yes
ac_cv_func_strspn=yes
ac_cv_func_strstr=yes
ac_cv_func_strtok=yes
ac_cv_have_x=have_x=no
ac_cv_header_dirent_h=yes
ac_cv_header_fcntl_h=yes
ac_cv_header_inttypes_h=yes
ac_cv_header_memory_h=yes
ac_cv_header_stdc=yes
ac_cv_header_stdint_h=yes
ac_cv_header_stdlib_h=yes
ac_cv_header_string_h=yes
ac_cv_header_strings_h=yes
ac_cv_header_sys_ioctl_h=yes
ac_cv_header_sys_soundcard_h=yes
ac_cv_header_sys_stat_h=yes
ac_cv_header_sys_time_h=yes
ac_cv_header_sys_types_h=yes
ac_cv_header_time=yes
ac_cv_header_time_h=yes
ac_cv_header_unistd_h=yes
ac_cv_host=mips-unknown-elf
ac_cv_lib_SDL_SDL_Init=yes
ac_cv_lib_SDL_image_IMG_LoadJPG_RW=yes
ac_cv_lib_SDL_mixer_Mix_OpenAudio=yes
ac_cv_lib_jpeg_jpeg_start_compress=yes
ac_cv_lib_m_sin=yes
ac_cv_lib_png_png_read_png=yes
ac_cv_lib_vorbis_vorbis_block_init=yes
ac_cv_lib_z_compress=yes
ac_cv_objext=o
ac_cv_path_EGREP='/bin/grep -E'
ac_cv_path_GREP=/bin/grep
ac_cv_path_SDL_CONFIG=/opt/gcw0-toolchain/usr/mipsel-gcw0-linux-uclibc/sysroot/usr/bin/sdl-config
ac_cv_path_install='/usr/bin/install -c'
ac_cv_prog_AWK=gawk
ac_cv_prog_CC=mipsel-linux-gcc
ac_cv_prog_CPP='mipsel-linux-gcc -E'
ac_cv_prog_ac_ct_STRIP=strip
ac_cv_prog_cc_c89=
ac_cv_prog_cc_g=yes
ac_cv_prog_make_make_set=yes
ac_cv_target=mips-unknown-elf
ac_cv_type_signal=void
ac_cv_type_size_t=yes
am_cv_CC_dependencies_compiler_type=gcc3

## ----------------- ##
## Output variables. ##
## ----------------- ##

ACLOCAL='${SHELL} /buildroot/missing --run aclocal-1.6'
AMDEPBACKSLASH='\'
AMDEP_FALSE='#'
AMDEP_TRUE=''
AMTAR='${SHELL} /buildroot/missing --run tar'
AUTOCONF='${SHELL} /buildroot/missing --run autoconf'
AUTOHEADER='${SHELL} /buildroot/missing --run autoheader'
AUTOMAKE='${SHELL} /buildroot/missing --run automake-1.6'
AWK='gawk'
CC='mipsel-linux-gcc'
CCDEPMODE='depmode=gcc3'
CFLAGS='-g -O2 -I/opt/gcw0-toolchain/usr/mipsel-gcw0-linux-uclibc/sysroot/usr/include/SDL -D_GNU_SOURCE=1 -D_REENTRANT  -DFD_DATADIR='\''"$(pkgdatadir)"'\'''
CPP='mipsel-linux-gcc -E'
CPPFLAGS=''
DEFS='-DHAVE_CONFIG_H'
DEPDIR='.deps'
ECHO_C=''
ECHO_N='-n'
ECHO_T=''
EGREP='/bin/grep -E'
EXEEXT=''
GREP='/bin/grep'
INSTALL_DATA='${INSTALL} -m 644'
INSTALL_PROGRAM='${INSTALL}'
INSTALL_SCRIPT='${INSTALL}'
INSTALL_STRIP_PROGRAM='${SHELL} $(install_sh) -c -s'
LDFLAGS=''
LIBOBJS=''
LIBS='-lvorbis -lSDL_mixer -lSDL_image -lpng -lz -ljpeg -lSDL -lm  -L/opt/gcw0-toolchain/usr/mipsel-gcw0-linux-uclibc/sysroot/usr/lib -lSDL -lpthread'
LTLIBOBJS=''
MAKEINFO='${SHELL} /buildroot/missing --run makeinfo'
OBJEXT='o'
PACKAGE='freedroid'
PACKAGE_BUGREPORT=''
PACKAGE_NAME='freedroid'
PACKAGE_STRING='freedroid 1.0.2'
PACKAGE_TARNAME='freedroid'
PACKAGE_URL=''
PACKAGE_VERSION='1.0.2'
PATH_SEPARATOR=':'
SDL_CFLAGS='-I/opt/gcw0-toolchain/usr/mipsel-gcw0-linux-uclibc/sysroot/usr/include/SDL -D_GNU_SOURCE=1 -D_REENTRANT'
SDL_CONFIG='/opt/gcw0-toolchain/usr/mipsel-gcw0-linux-uclibc/sysroot/usr/bin/sdl-config'
SDL_LIBS='-L/opt/gcw0-toolchain/usr/mipsel-gcw0-linux-uclibc/sysroot/usr/lib -lSDL -lpthread'
SET_MAKE=''
SHELL='/bin/bash'
STRIP='strip'
VERSION='1.0.2'
WIN32_FALSE=''
WIN32_TRUE='#'
XMKMF=''
X_CFLAGS=''
X_EXTRA_LIBS=''
X_LIBS=''
X_PRE_LIBS=''
ac_ct_CC=''
am__include='include'
am__quote=''
bindir='${exec_prefix}/bin'
build='x86_64-unknown-linux-gnu'
build_alias=''
build_cpu='x86_64'
build_os='linux-gnu'
build_vendor='unknown'
datadir='${datarootdir}'
datarootdir='${prefix}/share'
docdir='${datarootdir}/doc/${PACKAGE_TARNAME}'
dvidir='${docdir}'
exec_prefix='${prefix}'
host='mips-unknown-elf'
host_alias='mips'
host_cpu='mips'
host_os='elf'
host_vendor='unknown'
htmldir='${docdir}'
includedir='${prefix}/include'
infodir='${datarootdir}/info'
install_sh='/buildroot/install-sh'
libdir='${exec_prefix}/lib'
libexecdir='${exec_prefix}/libexec'
localedir='${datarootdir}/locale'
localstatedir='${prefix}/var'
mandir='${datarootdir}/man'
oldincludedir='/usr/include'
pdfdir='${docdir}'
prefix='/usr/local'
program_transform_name='s,x,x,'
psdir='${docdir}'
sbindir='${exec_prefix}/sbin'
sharedstatedir='${prefix}/com'
sysconfdir='${prefix}/etc'
target='mips-unknown-elf'
target_alias=''
target_cpu='mips'
target_os='elf'
target_vendor='unknown'

## ----------- ##
## confdefs.h. ##
## ----------- ##

/* confdefs.h */
#define PACKAGE_NAME "freedroid"
#define PACKAGE_TARNAME "freedroid"
#define PACKAGE_VERSION "1.0.2"
#define PACKAGE_STRING "freedroid 1.0.2"
#define PACKAGE_BUGREPORT ""
#define PACKAGE_URL ""
#define PACKAGE "freedroid"
#define VERSION "1.0.2"
#define HAVE_LIBM 1
#define X_DISPLAY_MISSING 1
#define HAVE_LIBSDL 1
#define HAVE_LIBJPEG 1
#define HAVE_LIBZ 1
#define HAVE_LIBPNG 1
#define HAVE_LIBSDL_IMAGE 1
#define HAVE_LIBSDL_MIXER 1
#define HAVE_LIBVORBIS 1
#define STDC_HEADERS 1
#define HAVE_SYS_TYPES_H 1
#define HAVE_SYS_STAT_H 1
#define HAVE_STDLIB_H 1
#define HAVE_STRING_H 1
#define HAVE_MEMORY_H 1
#define HAVE_STRINGS_H 1
#define HAVE_INTTYPES_H 1
#define HAVE_STDINT_H 1
#define HAVE_UNISTD_H 1
#define HAVE_FCNTL_H 1
#define HAVE_STDLIB_H 1
#define HAVE_STRING_H 1
#define HAVE_SYS_IOCTL_H 1
#define HAVE_SYS_TIME_H 1
#define HAVE_TIME_H 1
#define HAVE_UNISTD_H 1
#define HAVE_DIRENT_H 1
#define HAVE_SYS_SOUNDCARD_H 1
#define TIME_WITH_SYS_TIME 1
#define RETSIGTYPE void
#define HAVE_MEMSET 1
#define HAVE_SQRT 1
#define HAVE_STRSTR 1
#define HAVE_STRTOK 1
#define HAVE_STRCSPN 1
#define HAVE_STRSPN 1
#define HAVE_RAND 1

configure: exit 0
